{"total": {"lines":{"total":1099,"covered":712,"skipped":0,"pct":64.78},"statements":{"total":1187,"covered":747,"skipped":0,"pct":62.93},"functions":{"total":168,"covered":99,"skipped":0,"pct":58.92},"branches":{"total":589,"covered":304,"skipped":0,"pct":51.61},"branchesTrue":{"total":0,"covered":0,"skipped":0,"pct":100}}
,"/mnt/ext2/code/prompts/github/forks/mcp-discord/src/errorHandler.ts": {"lines":{"total":11,"covered":11,"skipped":0,"pct":100},"functions":{"total":1,"covered":1,"skipped":0,"pct":100},"statements":{"total":11,"covered":11,"skipped":0,"pct":100},"branches":{"total":19,"covered":19,"skipped":0,"pct":100}}
,"/mnt/ext2/code/prompts/github/forks/mcp-discord/src/logger.ts": {"lines":{"total":7,"covered":7,"skipped":0,"pct":100},"functions":{"total":3,"covered":3,"skipped":0,"pct":100},"statements":{"total":7,"covered":7,"skipped":0,"pct":100},"branches":{"total":1,"covered":1,"skipped":0,"pct":100}}
,"/mnt/ext2/code/prompts/github/forks/mcp-discord/src/schemas.ts": {"lines":{"total":45,"covered":45,"skipped":0,"pct":100},"functions":{"total":1,"covered":1,"skipped":0,"pct":100},"statements":{"total":45,"covered":45,"skipped":0,"pct":100},"branches":{"total":0,"covered":0,"skipped":0,"pct":100}}
,"/mnt/ext2/code/prompts/github/forks/mcp-discord/src/server.ts": {"lines":{"total":150,"covered":103,"skipped":0,"pct":68.66},"functions":{"total":9,"covered":8,"skipped":0,"pct":88.88},"statements":{"total":150,"covered":103,"skipped":0,"pct":68.66},"branches":{"total":52,"covered":31,"skipped":0,"pct":59.61}}
,"/mnt/ext2/code/prompts/github/forks/mcp-discord/src/toolList.ts": {"lines":{"total":1,"covered":1,"skipped":0,"pct":100},"functions":{"total":0,"covered":0,"skipped":0,"pct":100},"statements":{"total":1,"covered":1,"skipped":0,"pct":100},"branches":{"total":0,"covered":0,"skipped":0,"pct":100}}
,"/mnt/ext2/code/prompts/github/forks/mcp-discord/src/transport.ts": {"lines":{"total":69,"covered":61,"skipped":0,"pct":88.4},"functions":{"total":10,"covered":10,"skipped":0,"pct":100},"statements":{"total":69,"covered":61,"skipped":0,"pct":88.4},"branches":{"total":21,"covered":15,"skipped":0,"pct":71.42}}
,"/mnt/ext2/code/prompts/github/forks/mcp-discord/src/tools/channel.ts": {"lines":{"total":180,"covered":95,"skipped":0,"pct":52.77},"functions":{"total":17,"covered":6,"skipped":0,"pct":35.29},"statements":{"total":205,"covered":102,"skipped":0,"pct":49.75},"branches":{"total":138,"covered":56,"skipped":0,"pct":40.57}}
,"/mnt/ext2/code/prompts/github/forks/mcp-discord/src/tools/forum.ts": {"lines":{"total":162,"covered":72,"skipped":0,"pct":44.44},"functions":{"total":24,"covered":10,"skipped":0,"pct":41.66},"statements":{"total":191,"covered":83,"skipped":0,"pct":43.45},"branches":{"total":118,"covered":40,"skipped":0,"pct":33.89}}
,"/mnt/ext2/code/prompts/github/forks/mcp-discord/src/tools/login.ts": {"lines":{"total":41,"covered":38,"skipped":0,"pct":92.68},"functions":{"total":7,"covered":6,"skipped":0,"pct":85.71},"statements":{"total":42,"covered":39,"skipped":0,"pct":92.85},"branches":{"total":13,"covered":12,"skipped":0,"pct":92.3}}
,"/mnt/ext2/code/prompts/github/forks/mcp-discord/src/tools/reactions.ts": {"lines":{"total":86,"covered":68,"skipped":0,"pct":79.06},"functions":{"total":9,"covered":6,"skipped":0,"pct":66.66},"statements":{"total":89,"covered":70,"skipped":0,"pct":78.65},"branches":{"total":57,"covered":41,"skipped":0,"pct":71.92}}
,"/mnt/ext2/code/prompts/github/forks/mcp-discord/src/tools/roles.ts": {"lines":{"total":121,"covered":11,"skipped":0,"pct":9.09},"functions":{"total":16,"covered":0,"skipped":0,"pct":0},"statements":{"total":135,"covered":11,"skipped":0,"pct":8.14},"branches":{"total":60,"covered":0,"skipped":0,"pct":0}}
,"/mnt/ext2/code/prompts/github/forks/mcp-discord/src/tools/send-message.ts": {"lines":{"total":43,"covered":26,"skipped":0,"pct":60.46},"functions":{"total":2,"covered":1,"skipped":0,"pct":50},"statements":{"total":45,"covered":28,"skipped":0,"pct":62.22},"branches":{"total":26,"covered":14,"skipped":0,"pct":53.84}}
,"/mnt/ext2/code/prompts/github/forks/mcp-discord/src/tools/server.ts": {"lines":{"total":71,"covered":69,"skipped":0,"pct":97.18},"functions":{"total":18,"covered":18,"skipped":0,"pct":100},"statements":{"total":84,"covered":81,"skipped":0,"pct":96.42},"branches":{"total":58,"covered":53,"skipped":0,"pct":91.37}}
,"/mnt/ext2/code/prompts/github/forks/mcp-discord/src/tools/tools.ts": {"lines":{"total":53,"covered":53,"skipped":0,"pct":100},"functions":{"total":44,"covered":25,"skipped":0,"pct":56.81},"statements":{"total":53,"covered":53,"skipped":0,"pct":100},"branches":{"total":0,"covered":0,"skipped":0,"pct":100}}
,"/mnt/ext2/code/prompts/github/forks/mcp-discord/src/tools/webhooks.ts": {"lines":{"total":48,"covered":48,"skipped":0,"pct":100},"functions":{"total":4,"covered":4,"skipped":0,"pct":100},"statements":{"total":48,"covered":48,"skipped":0,"pct":100},"branches":{"total":22,"covered":22,"skipped":0,"pct":100}}
,"/mnt/ext2/code/prompts/github/forks/mcp-discord/src/utils/snowflake.ts": {"lines":{"total":11,"covered":4,"skipped":0,"pct":36.36},"functions":{"total":3,"covered":0,"skipped":0,"pct":0},"statements":{"total":12,"covered":4,"skipped":0,"pct":33.33},"branches":{"total":4,"covered":0,"skipped":0,"pct":0}}
}
